{"/Users/konradschlatte/new_projects/game_of_life_server/models/fieldsToCheck.js": {"path":"/Users/konradschlatte/new_projects/game_of_life_server/models/fieldsToCheck.js","statementMap":{"0":{"start":{"line":2,"column":22},"end":{"line":10,"column":4}},"1":{"start":{"line":3,"column":20},"end":{"line":8,"column":3}},"2":{"start":{"line":4,"column":17},"end":{"line":4,"column":49}},"3":{"start":{"line":5,"column":4},"end":{"line":5,"column":92}},"4":{"start":{"line":5,"column":23},"end":{"line":5,"column":90}},"5":{"start":{"line":6,"column":4},"end":{"line":6,"column":92}},"6":{"start":{"line":6,"column":23},"end":{"line":6,"column":90}},"7":{"start":{"line":7,"column":4},"end":{"line":7,"column":17}},"8":{"start":{"line":9,"column":2},"end":{"line":9,"column":32}},"9":{"start":{"line":12,"column":0},"end":{"line":12,"column":30}}},"fnMap":{"0":{"name":"(anonymous_0)","decl":{"start":{"line":2,"column":23},"end":{"line":2,"column":24}},"loc":{"start":{"line":2,"column":35},"end":{"line":10,"column":1}},"line":2},"1":{"name":"(anonymous_1)","decl":{"start":{"line":3,"column":20},"end":{"line":3,"column":21}},"loc":{"start":{"line":3,"column":42},"end":{"line":8,"column":3}},"line":3}},"branchMap":{"0":{"loc":{"start":{"line":5,"column":4},"end":{"line":5,"column":92}},"type":"if","locations":[{"start":{"line":5,"column":4},"end":{"line":5,"column":92}},{"start":{"line":5,"column":4},"end":{"line":5,"column":92}}],"line":5},"1":{"loc":{"start":{"line":6,"column":4},"end":{"line":6,"column":92}},"type":"if","locations":[{"start":{"line":6,"column":4},"end":{"line":6,"column":92}},{"start":{"line":6,"column":4},"end":{"line":6,"column":92}}],"line":6}},"s":{"0":4,"1":4,"2":1658,"3":1658,"4":1605,"5":1658,"6":1606,"7":1658,"8":4,"9":4},"f":{"0":4,"1":1658},"b":{"0":[1605,53],"1":[1606,52]},"_coverageSchema":"332fd63041d2c1bcb487cc26dd0d5f7d97098a6c","hash":"9c2555fc5f8e5e7c9e1935bf68b64a2e460f9a29"}
,"/Users/konradschlatte/new_projects/game_of_life_server/models/game.js": {"path":"/Users/konradschlatte/new_projects/game_of_life_server/models/game.js","statementMap":{"0":{"start":{"line":2,"column":19},"end":{"line":2,"column":45}},"1":{"start":{"line":3,"column":16},"end":{"line":3,"column":39}},"2":{"start":{"line":6,"column":4},"end":{"line":6,"column":24}},"3":{"start":{"line":7,"column":4},"end":{"line":7,"column":22}},"4":{"start":{"line":8,"column":4},"end":{"line":8,"column":33}},"5":{"start":{"line":9,"column":4},"end":{"line":9,"column":82}},"6":{"start":{"line":9,"column":49},"end":{"line":9,"column":80}},"7":{"start":{"line":12,"column":4},"end":{"line":17,"column":5}},"8":{"start":{"line":13,"column":6},"end":{"line":15,"column":7}},"9":{"start":{"line":14,"column":8},"end":{"line":14,"column":43}},"10":{"start":{"line":20,"column":17},"end":{"line":20,"column":33}},"11":{"start":{"line":21,"column":22},"end":{"line":21,"column":39}},"12":{"start":{"line":22,"column":4},"end":{"line":22,"column":75}},"13":{"start":{"line":22,"column":39},"end":{"line":22,"column":73}},"14":{"start":{"line":23,"column":4},"end":{"line":23,"column":89}},"15":{"start":{"line":23,"column":36},"end":{"line":23,"column":86}},"16":{"start":{"line":23,"column":71},"end":{"line":23,"column":84}},"17":{"start":{"line":24,"column":4},"end":{"line":24,"column":118}},"18":{"start":{"line":24,"column":39},"end":{"line":24,"column":115}},"19":{"start":{"line":24,"column":74},"end":{"line":24,"column":113}},"20":{"start":{"line":25,"column":4},"end":{"line":30,"column":5}},"21":{"start":{"line":26,"column":6},"end":{"line":28,"column":7}},"22":{"start":{"line":27,"column":8},"end":{"line":27,"column":245}},"23":{"start":{"line":27,"column":39},"end":{"line":27,"column":133}},"24":{"start":{"line":27,"column":141},"end":{"line":27,"column":245}},"25":{"start":{"line":27,"column":172},"end":{"line":27,"column":243}},"26":{"start":{"line":33,"column":18},"end":{"line":33,"column":45}},"27":{"start":{"line":34,"column":4},"end":{"line":34,"column":97}},"28":{"start":{"line":34,"column":52},"end":{"line":34,"column":95}},"29":{"start":{"line":35,"column":21},"end":{"line":35,"column":98}},"30":{"start":{"line":36,"column":22},"end":{"line":36,"column":101}},"31":{"start":{"line":37,"column":4},"end":{"line":42,"column":5}},"32":{"start":{"line":38,"column":6},"end":{"line":40,"column":7}},"33":{"start":{"line":39,"column":8},"end":{"line":39,"column":104}},"34":{"start":{"line":39,"column":39},"end":{"line":39,"column":65}},"35":{"start":{"line":39,"column":75},"end":{"line":39,"column":102}},"36":{"start":{"line":43,"column":20},"end":{"line":43,"column":54}},"37":{"start":{"line":43,"column":40},"end":{"line":43,"column":53}},"38":{"start":{"line":44,"column":4},"end":{"line":44,"column":20}},"39":{"start":{"line":47,"column":0},"end":{"line":47,"column":21}}},"fnMap":{"0":{"name":"(anonymous_0)","decl":{"start":{"line":5,"column":2},"end":{"line":5,"column":3}},"loc":{"start":{"line":5,"column":30},"end":{"line":10,"column":3}},"line":5},"1":{"name":"(anonymous_1)","decl":{"start":{"line":11,"column":2},"end":{"line":11,"column":3}},"loc":{"start":{"line":11,"column":16},"end":{"line":18,"column":3}},"line":11},"2":{"name":"(anonymous_2)","decl":{"start":{"line":12,"column":22},"end":{"line":12,"column":23}},"loc":{"start":{"line":12,"column":32},"end":{"line":16,"column":5}},"line":12},"3":{"name":"(anonymous_3)","decl":{"start":{"line":19,"column":2},"end":{"line":19,"column":3}},"loc":{"start":{"line":19,"column":10},"end":{"line":31,"column":3}},"line":19},"4":{"name":"(anonymous_4)","decl":{"start":{"line":23,"column":24},"end":{"line":23,"column":25}},"loc":{"start":{"line":23,"column":34},"end":{"line":23,"column":88}},"line":23},"5":{"name":"(anonymous_5)","decl":{"start":{"line":24,"column":24},"end":{"line":24,"column":25}},"loc":{"start":{"line":24,"column":37},"end":{"line":24,"column":117}},"line":24},"6":{"name":"(anonymous_6)","decl":{"start":{"line":25,"column":22},"end":{"line":25,"column":23}},"loc":{"start":{"line":25,"column":35},"end":{"line":29,"column":5}},"line":25},"7":{"name":"(anonymous_7)","decl":{"start":{"line":32,"column":2},"end":{"line":32,"column":3}},"loc":{"start":{"line":32,"column":11},"end":{"line":45,"column":3}},"line":32},"8":{"name":"(anonymous_8)","decl":{"start":{"line":37,"column":22},"end":{"line":37,"column":23}},"loc":{"start":{"line":37,"column":35},"end":{"line":41,"column":5}},"line":37},"9":{"name":"(anonymous_9)","decl":{"start":{"line":43,"column":32},"end":{"line":43,"column":33}},"loc":{"start":{"line":43,"column":40},"end":{"line":43,"column":53}},"line":43}},"branchMap":{"0":{"loc":{"start":{"line":27,"column":8},"end":{"line":27,"column":245}},"type":"if","locations":[{"start":{"line":27,"column":8},"end":{"line":27,"column":245}},{"start":{"line":27,"column":8},"end":{"line":27,"column":245}}],"line":27},"1":{"loc":{"start":{"line":27,"column":39},"end":{"line":27,"column":133}},"type":"cond-expr","locations":[{"start":{"line":27,"column":88},"end":{"line":27,"column":109}},{"start":{"line":27,"column":112},"end":{"line":27,"column":133}}],"line":27},"2":{"loc":{"start":{"line":27,"column":39},"end":{"line":27,"column":85}},"type":"binary-expr","locations":[{"start":{"line":27,"column":39},"end":{"line":27,"column":60}},{"start":{"line":27,"column":64},"end":{"line":27,"column":85}}],"line":27},"3":{"loc":{"start":{"line":27,"column":141},"end":{"line":27,"column":245}},"type":"if","locations":[{"start":{"line":27,"column":141},"end":{"line":27,"column":245}},{"start":{"line":27,"column":141},"end":{"line":27,"column":245}}],"line":27},"4":{"loc":{"start":{"line":27,"column":172},"end":{"line":27,"column":243}},"type":"cond-expr","locations":[{"start":{"line":27,"column":198},"end":{"line":27,"column":219}},{"start":{"line":27,"column":222},"end":{"line":27,"column":243}}],"line":27},"5":{"loc":{"start":{"line":39,"column":8},"end":{"line":39,"column":104}},"type":"if","locations":[{"start":{"line":39,"column":8},"end":{"line":39,"column":104}},{"start":{"line":39,"column":8},"end":{"line":39,"column":104}}],"line":39}},"s":{"0":4,"1":4,"2":17,"3":17,"4":17,"5":17,"6":292,"7":13,"8":262,"9":8604,"10":3,"11":3,"12":3,"13":50,"14":3,"15":50,"16":1650,"17":3,"18":50,"19":1650,"20":3,"21":50,"22":1650,"23":605,"24":1045,"25":1045,"26":8,"27":8,"28":244,"29":8,"30":8,"31":8,"32":244,"33":9608,"34":2864,"35":6744,"36":8,"37":244,"38":8,"39":4},"f":{"0":17,"1":13,"2":262,"3":3,"4":50,"5":50,"6":50,"7":8,"8":244,"9":244},"b":{"0":[605,1045],"1":[292,313],"2":[605,520],"3":[1045,0],"4":[286,759],"5":[2864,6744]},"_coverageSchema":"332fd63041d2c1bcb487cc26dd0d5f7d97098a6c","hash":"aa2a085115b9c49964963723dd0aac83a0f1a462"}
,"/Users/konradschlatte/new_projects/game_of_life_server/models/initializer.js": {"path":"/Users/konradschlatte/new_projects/game_of_life_server/models/initializer.js","statementMap":{"0":{"start":{"line":2,"column":13},"end":{"line":2,"column":41}},"1":{"start":{"line":3,"column":20},"end":{"line":24,"column":4}},"2":{"start":{"line":5,"column":13},"end":{"line":9,"column":3}},"3":{"start":{"line":6,"column":4},"end":{"line":6,"column":28}},"4":{"start":{"line":7,"column":4},"end":{"line":7,"column":20}},"5":{"start":{"line":8,"column":4},"end":{"line":8,"column":24}},"6":{"start":{"line":10,"column":16},"end":{"line":13,"column":3}},"7":{"start":{"line":11,"column":4},"end":{"line":11,"column":16}},"8":{"start":{"line":12,"column":4},"end":{"line":12,"column":24}},"9":{"start":{"line":14,"column":14},"end":{"line":18,"column":3}},"10":{"start":{"line":15,"column":4},"end":{"line":15,"column":28}},"11":{"start":{"line":16,"column":4},"end":{"line":16,"column":18}},"12":{"start":{"line":17,"column":4},"end":{"line":17,"column":24}},"13":{"start":{"line":19,"column":2},"end":{"line":23,"column":3}},"14":{"start":{"line":25,"column":0},"end":{"line":25,"column":28}}},"fnMap":{"0":{"name":"(anonymous_0)","decl":{"start":{"line":3,"column":21},"end":{"line":3,"column":22}},"loc":{"start":{"line":3,"column":33},"end":{"line":24,"column":1}},"line":3},"1":{"name":"(anonymous_1)","decl":{"start":{"line":5,"column":13},"end":{"line":5,"column":14}},"loc":{"start":{"line":5,"column":25},"end":{"line":9,"column":3}},"line":5},"2":{"name":"(anonymous_2)","decl":{"start":{"line":10,"column":16},"end":{"line":10,"column":17}},"loc":{"start":{"line":10,"column":28},"end":{"line":13,"column":3}},"line":10},"3":{"name":"(anonymous_3)","decl":{"start":{"line":14,"column":14},"end":{"line":14,"column":15}},"loc":{"start":{"line":14,"column":26},"end":{"line":18,"column":3}},"line":14}},"branchMap":{},"s":{"0":1,"1":1,"2":1,"3":4,"4":4,"5":4,"6":1,"7":1,"8":1,"9":1,"10":1,"11":1,"12":1,"13":1,"14":1},"f":{"0":1,"1":4,"2":1,"3":1},"b":{},"_coverageSchema":"332fd63041d2c1bcb487cc26dd0d5f7d97098a6c","hash":"d643b84ac933e128366055a21b8b7fb6a842e0ca"}
,"/Users/konradschlatte/new_projects/game_of_life_server/models/randomizer.js": {"path":"/Users/konradschlatte/new_projects/game_of_life_server/models/randomizer.js","statementMap":{"0":{"start":{"line":2,"column":19},"end":{"line":7,"column":4}},"1":{"start":{"line":3,"column":15},"end":{"line":5,"column":3}},"2":{"start":{"line":4,"column":4},"end":{"line":4,"column":45}},"3":{"start":{"line":6,"column":2},"end":{"line":6,"column":27}},"4":{"start":{"line":8,"column":0},"end":{"line":8,"column":27}}},"fnMap":{"0":{"name":"(anonymous_0)","decl":{"start":{"line":2,"column":20},"end":{"line":2,"column":21}},"loc":{"start":{"line":2,"column":32},"end":{"line":7,"column":1}},"line":2},"1":{"name":"(anonymous_1)","decl":{"start":{"line":3,"column":15},"end":{"line":3,"column":16}},"loc":{"start":{"line":3,"column":33},"end":{"line":5,"column":3}},"line":3}},"branchMap":{"0":{"loc":{"start":{"line":4,"column":11},"end":{"line":4,"column":45}},"type":"cond-expr","locations":[{"start":{"line":4,"column":36},"end":{"line":4,"column":39}},{"start":{"line":4,"column":42},"end":{"line":4,"column":45}}],"line":4}},"s":{"0":5,"1":5,"2":8606,"3":5,"4":5},"f":{"0":5,"1":8606},"b":{"0":[2591,6015]},"_coverageSchema":"332fd63041d2c1bcb487cc26dd0d5f7d97098a6c","hash":"8fea991c414147339b766a4a9c9ca88d1fd1735c"}
,"/Users/konradschlatte/new_projects/game_of_life_server/models/scanner.js": {"path":"/Users/konradschlatte/new_projects/game_of_life_server/models/scanner.js","statementMap":{"0":{"start":{"line":2,"column":20},"end":{"line":2,"column":57}},"1":{"start":{"line":3,"column":16},"end":{"line":11,"column":4}},"2":{"start":{"line":4,"column":13},"end":{"line":9,"column":3}},"3":{"start":{"line":5,"column":25},"end":{"line":5,"column":26}},"4":{"start":{"line":6,"column":17},"end":{"line":6,"column":49}},"5":{"start":{"line":7,"column":4},"end":{"line":7,"column":72}},"6":{"start":{"line":7,"column":31},"end":{"line":7,"column":69}},"7":{"start":{"line":7,"column":51},"end":{"line":7,"column":67}},"8":{"start":{"line":8,"column":4},"end":{"line":8,"column":25}},"9":{"start":{"line":10,"column":2},"end":{"line":10,"column":23}},"10":{"start":{"line":12,"column":0},"end":{"line":12,"column":24}}},"fnMap":{"0":{"name":"(anonymous_0)","decl":{"start":{"line":3,"column":17},"end":{"line":3,"column":18}},"loc":{"start":{"line":3,"column":29},"end":{"line":11,"column":1}},"line":3},"1":{"name":"(anonymous_1)","decl":{"start":{"line":4,"column":13},"end":{"line":4,"column":14}},"loc":{"start":{"line":4,"column":35},"end":{"line":9,"column":3}},"line":4},"2":{"name":"(anonymous_2)","decl":{"start":{"line":7,"column":19},"end":{"line":7,"column":20}},"loc":{"start":{"line":7,"column":29},"end":{"line":7,"column":71}},"line":7}},"branchMap":{"0":{"loc":{"start":{"line":7,"column":31},"end":{"line":7,"column":69}},"type":"if","locations":[{"start":{"line":7,"column":31},"end":{"line":7,"column":69}},{"start":{"line":7,"column":31},"end":{"line":7,"column":69}}],"line":7}},"s":{"0":4,"1":4,"2":4,"3":1656,"4":1656,"5":1656,"6":12936,"7":4625,"8":1656,"9":4,"10":4},"f":{"0":4,"1":1656,"2":12936},"b":{"0":[4625,8311]},"_coverageSchema":"332fd63041d2c1bcb487cc26dd0d5f7d97098a6c","hash":"def4a5a026e7618ab85953eac197da191e99c7e8"}
}
