TN:
SF:/Users/konradschlatte/new_projects/game_of_life_server/models/fieldsToCheck.js
FN:2,(anonymous_0)
FN:3,(anonymous_1)
FNF:2
FNH:2
FNDA:4,(anonymous_0)
FNDA:1658,(anonymous_1)
DA:2,4
DA:3,4
DA:4,1658
DA:5,1658
DA:6,1658
DA:7,1658
DA:9,4
DA:12,4
LF:8
LH:8
BRDA:5,0,0,1605
BRDA:5,0,1,53
BRDA:6,1,0,1606
BRDA:6,1,1,52
BRF:4
BRH:4
end_of_record
TN:
SF:/Users/konradschlatte/new_projects/game_of_life_server/models/game.js
FN:5,(anonymous_0)
FN:11,(anonymous_1)
FN:12,(anonymous_2)
FN:19,(anonymous_3)
FN:23,(anonymous_4)
FN:24,(anonymous_5)
FN:25,(anonymous_6)
FN:32,(anonymous_7)
FN:37,(anonymous_8)
FN:43,(anonymous_9)
FNF:10
FNH:10
FNDA:17,(anonymous_0)
FNDA:13,(anonymous_1)
FNDA:262,(anonymous_2)
FNDA:3,(anonymous_3)
FNDA:50,(anonymous_4)
FNDA:50,(anonymous_5)
FNDA:50,(anonymous_6)
FNDA:8,(anonymous_7)
FNDA:244,(anonymous_8)
FNDA:244,(anonymous_9)
DA:2,4
DA:3,4
DA:6,17
DA:7,17
DA:8,17
DA:9,292
DA:12,13
DA:13,262
DA:14,8604
DA:20,3
DA:21,3
DA:22,50
DA:23,1650
DA:24,1650
DA:25,3
DA:26,50
DA:27,1650
DA:33,8
DA:34,244
DA:35,8
DA:36,8
DA:37,8
DA:38,244
DA:39,9608
DA:43,244
DA:44,8
DA:47,4
LF:27
LH:27
BRDA:27,0,0,605
BRDA:27,0,1,1045
BRDA:27,1,0,292
BRDA:27,1,1,313
BRDA:27,2,0,605
BRDA:27,2,1,520
BRDA:27,3,0,1045
BRDA:27,3,1,0
BRDA:27,4,0,286
BRDA:27,4,1,759
BRDA:39,5,0,2864
BRDA:39,5,1,6744
BRF:12
BRH:11
end_of_record
TN:
SF:/Users/konradschlatte/new_projects/game_of_life_server/models/initializer.js
FN:3,(anonymous_0)
FN:5,(anonymous_1)
FN:10,(anonymous_2)
FN:14,(anonymous_3)
FNF:4
FNH:4
FNDA:1,(anonymous_0)
FNDA:4,(anonymous_1)
FNDA:1,(anonymous_2)
FNDA:1,(anonymous_3)
DA:2,1
DA:3,1
DA:5,1
DA:6,4
DA:7,4
DA:8,4
DA:10,1
DA:11,1
DA:12,1
DA:14,1
DA:15,1
DA:16,1
DA:17,1
DA:19,1
DA:25,1
LF:15
LH:15
BRF:0
BRH:0
end_of_record
TN:
SF:/Users/konradschlatte/new_projects/game_of_life_server/models/randomizer.js
FN:2,(anonymous_0)
FN:3,(anonymous_1)
FNF:2
FNH:2
FNDA:5,(anonymous_0)
FNDA:8606,(anonymous_1)
DA:2,5
DA:3,5
DA:4,8606
DA:6,5
DA:8,5
LF:5
LH:5
BRDA:4,0,0,2591
BRDA:4,0,1,6015
BRF:2
BRH:2
end_of_record
TN:
SF:/Users/konradschlatte/new_projects/game_of_life_server/models/scanner.js
FN:3,(anonymous_0)
FN:4,(anonymous_1)
FN:7,(anonymous_2)
FNF:3
FNH:3
FNDA:4,(anonymous_0)
FNDA:1656,(anonymous_1)
FNDA:12936,(anonymous_2)
DA:2,4
DA:3,4
DA:4,4
DA:5,1656
DA:6,1656
DA:7,12936
DA:8,1656
DA:10,4
DA:12,4
LF:9
LH:9
BRDA:7,0,0,4625
BRDA:7,0,1,8311
BRF:2
BRH:2
end_of_record
